{"level":"info","message":"Root endpoint accessed","service":"acquisitions-api","timestamp":"2025-09-18T11:42:43.435Z"}
{"level":"info","message":"::1 - - [18/Sep/2025:11:42:43 +0000] \"GET / HTTP/1.1\" 200 29 \"-\" \"Mozilla/5.0 (Windows NT 10.0; Win64; x64) AppleWebKit/537.36 (KHTML, like Gecko) Chrome/140.0.0.0 Safari/537.36\"","service":"acquisitions-api","timestamp":"2025-09-18T11:42:43.458Z"}
{"level":"info","message":"::1 - - [18/Sep/2025:11:42:43 +0000] \"GET /favicon.ico HTTP/1.1\" 404 150 \"-\" \"Mozilla/5.0 (Windows NT 10.0; Win64; x64) AppleWebKit/537.36 (KHTML, like Gecko) Chrome/140.0.0.0 Safari/537.36\"","service":"acquisitions-api","timestamp":"2025-09-18T11:42:43.541Z"}
{"level":"info","message":"Root endpoint accessed","service":"acquisitions-api","timestamp":"2025-09-18T11:43:01.092Z"}
{"level":"info","message":"::1 - - [18/Sep/2025:11:43:01 +0000] \"GET / HTTP/1.1\" 304 - \"-\" \"Mozilla/5.0 (Windows NT 10.0; Win64; x64) AppleWebKit/537.36 (KHTML, like Gecko) Chrome/140.0.0.0 Safari/537.36\"","service":"acquisitions-api","timestamp":"2025-09-18T11:43:01.097Z"}
{"level":"info","message":"Root endpoint accessed","service":"acquisitions-api","timestamp":"2025-09-18T11:43:02.797Z"}
{"level":"info","message":"::1 - - [18/Sep/2025:11:43:02 +0000] \"GET / HTTP/1.1\" 304 - \"-\" \"Mozilla/5.0 (Windows NT 10.0; Win64; x64) AppleWebKit/537.36 (KHTML, like Gecko) Chrome/140.0.0.0 Safari/537.36\"","service":"acquisitions-api","timestamp":"2025-09-18T11:43:02.798Z"}
{"level":"info","message":"::1 - - [18/Sep/2025:12:54:14 +0000] \"POST /api/auth/register HTTP/1.1\" 400 93 \"-\" \"HTTPie\"","service":"acquisitions-api","timestamp":"2025-09-18T12:54:14.210Z"}
{"level":"info","message":"::1 - - [18/Sep/2025:12:55:49 +0000] \"POST /api/auth/register HTTP/1.1\" 400 93 \"-\" \"HTTPie\"","service":"acquisitions-api","timestamp":"2025-09-18T12:55:49.589Z"}
{"level":"info","message":"::1 - - [18/Sep/2025:12:56:30 +0000] \"POST /api/auth/register HTTP/1.1\" 400 93 \"-\" \"HTTPie\"","service":"acquisitions-api","timestamp":"2025-09-18T12:56:30.455Z"}
{"level":"info","message":"::1 - - [18/Sep/2025:12:56:31 +0000] \"POST /api/auth/register HTTP/1.1\" 400 93 \"-\" \"HTTPie\"","service":"acquisitions-api","timestamp":"2025-09-18T12:56:31.363Z"}
{"level":"info","message":"::1 - - [18/Sep/2025:12:59:34 +0000] \"POST /api/auth/register HTTP/1.1\" 400 93 \"-\" \"HTTPie\"","service":"acquisitions-api","timestamp":"2025-09-18T12:59:34.098Z"}
{"level":"info","message":"::1 - - [18/Sep/2025:12:59:45 +0000] \"POST /api/auth/register HTTP/1.1\" 400 93 \"-\" \"HTTPie\"","service":"acquisitions-api","timestamp":"2025-09-18T12:59:45.608Z"}
{"level":"info","message":"::1 - - [18/Sep/2025:13:02:19 +0000] \"POST /api/auth/login HTTP/1.1\" 200 29 \"-\" \"HTTPie\"","service":"acquisitions-api","timestamp":"2025-09-18T13:02:19.970Z"}
{"level":"info","message":"::1 - - [18/Sep/2025:13:02:24 +0000] \"POST /api/auth/register HTTP/1.1\" 400 93 \"-\" \"HTTPie\"","service":"acquisitions-api","timestamp":"2025-09-18T13:02:24.474Z"}
{"level":"info","message":"::1 - - [18/Sep/2025:13:02:55 +0000] \"POST /api/auth/register HTTP/1.1\" 400 93 \"-\" \"HTTPie\"","service":"acquisitions-api","timestamp":"2025-09-18T13:02:55.186Z"}
{"level":"info","message":"::1 - - [18/Sep/2025:13:02:56 +0000] \"POST /api/auth/register HTTP/1.1\" 400 93 \"-\" \"HTTPie\"","service":"acquisitions-api","timestamp":"2025-09-18T13:02:56.096Z"}
{"level":"info","message":"::1 - - [18/Sep/2025:13:02:56 +0000] \"POST /api/auth/register HTTP/1.1\" 400 93 \"-\" \"HTTPie\"","service":"acquisitions-api","timestamp":"2025-09-18T13:02:56.625Z"}
{"level":"info","message":"::1 - - [18/Sep/2025:13:04:10 +0000] \"POST /api/auth/register HTTP/1.1\" 400 93 \"-\" \"HTTPie\"","service":"acquisitions-api","timestamp":"2025-09-18T13:04:10.957Z"}
{"level":"info","message":"::1 - - [18/Sep/2025:13:04:11 +0000] \"POST /api/auth/register HTTP/1.1\" 400 93 \"-\" \"HTTPie\"","service":"acquisitions-api","timestamp":"2025-09-18T13:04:11.510Z"}
{"level":"info","message":"::1 - - [18/Sep/2025:13:04:11 +0000] \"POST /api/auth/register HTTP/1.1\" 400 93 \"-\" \"HTTPie\"","service":"acquisitions-api","timestamp":"2025-09-18T13:04:11.905Z"}
{"level":"info","message":"::1 - - [18/Sep/2025:13:04:35 +0000] \"POST /api/auth/register HTTP/1.1\" 400 93 \"-\" \"HTTPie\"","service":"acquisitions-api","timestamp":"2025-09-18T13:04:35.958Z"}
{"level":"info","message":"::1 - - [18/Sep/2025:13:04:36 +0000] \"POST /api/auth/register HTTP/1.1\" 400 93 \"-\" \"HTTPie\"","service":"acquisitions-api","timestamp":"2025-09-18T13:04:36.882Z"}
{"level":"info","message":"::1 - - [18/Sep/2025:13:04:57 +0000] \"POST /api/auth/register HTTP/1.1\" 200 57 \"-\" \"HTTPie\"","service":"acquisitions-api","timestamp":"2025-09-18T13:04:57.009Z"}
{"level":"info","message":"::1 - - [18/Sep/2025:13:05:09 +0000] \"POST /api/auth/register HTTP/1.1\" 201 129 \"-\" \"HTTPie\"","service":"acquisitions-api","timestamp":"2025-09-18T13:05:09.686Z"}
{"level":"info","message":"::1 - - [18/Sep/2025:13:05:14 +0000] \"POST /api/auth/register HTTP/1.1\" 400 93 \"-\" \"HTTPie\"","service":"acquisitions-api","timestamp":"2025-09-18T13:05:14.150Z"}
{"level":"info","message":"::1 - - [18/Sep/2025:13:05:17 +0000] \"POST /api/auth/register HTTP/1.1\" 201 129 \"-\" \"HTTPie\"","service":"acquisitions-api","timestamp":"2025-09-18T13:05:17.902Z"}
{"level":"info","message":"::1 - - [18/Sep/2025:13:05:20 +0000] \"POST /api/auth/register HTTP/1.1\" 400 93 \"-\" \"HTTPie\"","service":"acquisitions-api","timestamp":"2025-09-18T13:05:20.641Z"}
{"level":"info","message":"::1 - - [18/Sep/2025:13:05:22 +0000] \"POST /api/auth/register HTTP/1.1\" 201 129 \"-\" \"HTTPie\"","service":"acquisitions-api","timestamp":"2025-09-18T13:05:22.940Z"}
{"level":"error","message":"Error hashing password: Illegal arguments: undefined, number","service":"acquisitions-api","stack":"Error: Illegal arguments: undefined, number\n    at _async (file:///C:/Users/%C3%96mer%20Faruk/Documents/WebDev/acquisitions/node_modules/bcryptjs/index.js:183:11)\n    at file:///C:/Users/%C3%96mer%20Faruk/Documents/WebDev/acquisitions/node_modules/bcryptjs/index.js:194:7\n    at new Promise (<anonymous>)\n    at Object.hash (file:///C:/Users/%C3%96mer%20Faruk/Documents/WebDev/acquisitions/node_modules/bcryptjs/index.js:193:12)\n    at hashPassword (file:///C:/Users/%C3%96mer%20Faruk/Documents/WebDev/acquisitions/src/services/auth.service.js:9:25)\n    at createUser (file:///C:/Users/%C3%96mer%20Faruk/Documents/WebDev/acquisitions/src/services/auth.service.js:24:34)\n    at register (file:///C:/Users/%C3%96mer%20Faruk/Documents/WebDev/acquisitions/src/controllers/auth.controller.js:20:27)\n    at Layer.handleRequest (C:\\Users\\Ömer Faruk\\Documents\\WebDev\\acquisitions\\node_modules\\router\\lib\\layer.js:152:17)\n    at next (C:\\Users\\Ömer Faruk\\Documents\\WebDev\\acquisitions\\node_modules\\router\\lib\\route.js:157:13)\n    at Route.dispatch (C:\\Users\\Ömer Faruk\\Documents\\WebDev\\acquisitions\\node_modules\\router\\lib\\route.js:117:3)","timestamp":"2025-09-22T14:47:30.891Z"}
{"level":"error","message":"Error creating user: Password hashing failed","service":"acquisitions-api","stack":"Error: Password hashing failed\n    at hashPassword (file:///C:/Users/%C3%96mer%20Faruk/Documents/WebDev/acquisitions/src/services/auth.service.js:12:11)\n    at async createUser (file:///C:/Users/%C3%96mer%20Faruk/Documents/WebDev/acquisitions/src/services/auth.service.js:24:28)\n    at async register (file:///C:/Users/%C3%96mer%20Faruk/Documents/WebDev/acquisitions/src/controllers/auth.controller.js:20:21)","timestamp":"2025-09-22T14:47:30.896Z"}
{"level":"error","message":"Registration error: User creation failed","service":"acquisitions-api","stack":"Error: User creation failed\n    at createUser (file:///C:/Users/%C3%96mer%20Faruk/Documents/WebDev/acquisitions/src/services/auth.service.js:44:11)\n    at async register (file:///C:/Users/%C3%96mer%20Faruk/Documents/WebDev/acquisitions/src/controllers/auth.controller.js:20:21)","timestamp":"2025-09-22T14:47:30.896Z"}
{"level":"info","message":"::1 - - [22/Sep/2025:14:47:30 +0000] \"POST /api/auth/register HTTP/1.1\" 500 430 \"-\" \"HTTPie\"","service":"acquisitions-api","timestamp":"2025-09-22T14:47:30.902Z"}
{"level":"error","message":"Error hashing password: Illegal arguments: undefined, number","service":"acquisitions-api","stack":"Error: Illegal arguments: undefined, number\n    at _async (file:///C:/Users/%C3%96mer%20Faruk/Documents/WebDev/acquisitions/node_modules/bcryptjs/index.js:183:11)\n    at file:///C:/Users/%C3%96mer%20Faruk/Documents/WebDev/acquisitions/node_modules/bcryptjs/index.js:194:7\n    at new Promise (<anonymous>)\n    at Object.hash (file:///C:/Users/%C3%96mer%20Faruk/Documents/WebDev/acquisitions/node_modules/bcryptjs/index.js:193:12)\n    at hashPassword (file:///C:/Users/%C3%96mer%20Faruk/Documents/WebDev/acquisitions/src/services/auth.service.js:9:25)\n    at createUser (file:///C:/Users/%C3%96mer%20Faruk/Documents/WebDev/acquisitions/src/services/auth.service.js:24:34)\n    at register (file:///C:/Users/%C3%96mer%20Faruk/Documents/WebDev/acquisitions/src/controllers/auth.controller.js:20:27)\n    at Layer.handleRequest (C:\\Users\\Ömer Faruk\\Documents\\WebDev\\acquisitions\\node_modules\\router\\lib\\layer.js:152:17)\n    at next (C:\\Users\\Ömer Faruk\\Documents\\WebDev\\acquisitions\\node_modules\\router\\lib\\route.js:157:13)\n    at Route.dispatch (C:\\Users\\Ömer Faruk\\Documents\\WebDev\\acquisitions\\node_modules\\router\\lib\\route.js:117:3)","timestamp":"2025-09-22T14:47:56.426Z"}
{"level":"error","message":"Error creating user: Password hashing failed","service":"acquisitions-api","stack":"Error: Password hashing failed\n    at hashPassword (file:///C:/Users/%C3%96mer%20Faruk/Documents/WebDev/acquisitions/src/services/auth.service.js:12:11)\n    at async createUser (file:///C:/Users/%C3%96mer%20Faruk/Documents/WebDev/acquisitions/src/services/auth.service.js:24:28)\n    at async register (file:///C:/Users/%C3%96mer%20Faruk/Documents/WebDev/acquisitions/src/controllers/auth.controller.js:20:21)","timestamp":"2025-09-22T14:47:56.428Z"}
{"level":"error","message":"Registration error: User creation failed","service":"acquisitions-api","stack":"Error: User creation failed\n    at createUser (file:///C:/Users/%C3%96mer%20Faruk/Documents/WebDev/acquisitions/src/services/auth.service.js:44:11)\n    at async register (file:///C:/Users/%C3%96mer%20Faruk/Documents/WebDev/acquisitions/src/controllers/auth.controller.js:20:21)","timestamp":"2025-09-22T14:47:56.429Z"}
{"level":"info","message":"::1 - - [22/Sep/2025:14:47:56 +0000] \"POST /api/auth/register HTTP/1.1\" 500 430 \"-\" \"HTTPie\"","service":"acquisitions-api","timestamp":"2025-09-22T14:47:56.433Z"}
{"level":"error","message":"Error hashing password: Illegal arguments: undefined, number","service":"acquisitions-api","stack":"Error: Illegal arguments: undefined, number\n    at _async (file:///C:/Users/%C3%96mer%20Faruk/Documents/WebDev/acquisitions/node_modules/bcryptjs/index.js:183:11)\n    at file:///C:/Users/%C3%96mer%20Faruk/Documents/WebDev/acquisitions/node_modules/bcryptjs/index.js:194:7\n    at new Promise (<anonymous>)\n    at Object.hash (file:///C:/Users/%C3%96mer%20Faruk/Documents/WebDev/acquisitions/node_modules/bcryptjs/index.js:193:12)\n    at hashPassword (file:///C:/Users/%C3%96mer%20Faruk/Documents/WebDev/acquisitions/src/services/auth.service.js:9:25)\n    at createUser (file:///C:/Users/%C3%96mer%20Faruk/Documents/WebDev/acquisitions/src/services/auth.service.js:24:34)\n    at register (file:///C:/Users/%C3%96mer%20Faruk/Documents/WebDev/acquisitions/src/controllers/auth.controller.js:20:27)\n    at Layer.handleRequest (C:\\Users\\Ömer Faruk\\Documents\\WebDev\\acquisitions\\node_modules\\router\\lib\\layer.js:152:17)\n    at next (C:\\Users\\Ömer Faruk\\Documents\\WebDev\\acquisitions\\node_modules\\router\\lib\\route.js:157:13)\n    at Route.dispatch (C:\\Users\\Ömer Faruk\\Documents\\WebDev\\acquisitions\\node_modules\\router\\lib\\route.js:117:3)","timestamp":"2025-09-22T14:48:57.687Z"}
{"level":"error","message":"Error creating user: Password hashing failed","service":"acquisitions-api","stack":"Error: Password hashing failed\n    at hashPassword (file:///C:/Users/%C3%96mer%20Faruk/Documents/WebDev/acquisitions/src/services/auth.service.js:12:11)\n    at async createUser (file:///C:/Users/%C3%96mer%20Faruk/Documents/WebDev/acquisitions/src/services/auth.service.js:24:28)\n    at async register (file:///C:/Users/%C3%96mer%20Faruk/Documents/WebDev/acquisitions/src/controllers/auth.controller.js:20:21)","timestamp":"2025-09-22T14:48:57.694Z"}
{"level":"error","message":"Registration error: User creation failed","service":"acquisitions-api","stack":"Error: User creation failed\n    at createUser (file:///C:/Users/%C3%96mer%20Faruk/Documents/WebDev/acquisitions/src/services/auth.service.js:44:11)\n    at async register (file:///C:/Users/%C3%96mer%20Faruk/Documents/WebDev/acquisitions/src/controllers/auth.controller.js:20:21)","timestamp":"2025-09-22T14:48:57.695Z"}
{"level":"info","message":"::1 - - [22/Sep/2025:14:48:57 +0000] \"POST /api/auth/register HTTP/1.1\" 500 430 \"-\" \"HTTPie\"","service":"acquisitions-api","timestamp":"2025-09-22T14:48:57.702Z"}
{"email":"faruk_isik_31@hotmail.com","id":1,"level":"info","message":"User created successfully:","service":"acquisitions-api","timestamp":"2025-09-22T14:50:19.295Z"}
{"level":"info","message":"::1 - - [22/Sep/2025:14:50:19 +0000] \"POST /api/auth/register HTTP/1.1\" 201 130 \"-\" \"HTTPie\"","service":"acquisitions-api","timestamp":"2025-09-22T14:50:19.313Z"}
{"email":"faruk_isik_31@hotmail.com","id":1,"level":"info","message":"User authenticated successfully:","service":"acquisitions-api","timestamp":"2025-09-22T15:36:11.431Z"}
{"email":"faruk_isik_31@hotmail.com","id":1,"level":"info","message":"User logged in successfully:","service":"acquisitions-api","timestamp":"2025-09-22T15:36:11.440Z"}
{"level":"info","message":"::1 - - [22/Sep/2025:15:36:11 +0000] \"POST /api/auth/login HTTP/1.1\" 200 129 \"-\" \"HTTPie\"","service":"acquisitions-api","timestamp":"2025-09-22T15:36:11.445Z"}
{"level":"warn","message":"Authentication failed for email:","service":"acquisitions-api","timestamp":"2025-09-22T15:36:19.068Z"}
{"level":"error","message":"Login error: Invalid email or password","service":"acquisitions-api","stack":"Error: Invalid email or password\n    at authenticateUser (file:///C:/Users/%C3%96mer%20Faruk/Documents/WebDev/acquisitions/src/services/auth.service.js:73:13)\n    at async login (file:///C:/Users/%C3%96mer%20Faruk/Documents/WebDev/acquisitions/src/controllers/auth.controller.js:62:18)","timestamp":"2025-09-22T15:36:19.070Z"}
{"level":"info","message":"::1 - - [22/Sep/2025:15:36:19 +0000] \"POST /api/auth/login HTTP/1.1\" 401 39 \"-\" \"HTTPie\"","service":"acquisitions-api","timestamp":"2025-09-22T15:36:19.072Z"}
{"email":"faruk_isik_31@hotmail.com","id":1,"level":"info","message":"User authenticated successfully:","service":"acquisitions-api","timestamp":"2025-09-22T15:36:24.380Z"}
{"email":"faruk_isik_31@hotmail.com","id":1,"level":"info","message":"User logged in successfully:","service":"acquisitions-api","timestamp":"2025-09-22T15:36:24.384Z"}
{"level":"info","message":"::1 - - [22/Sep/2025:15:36:24 +0000] \"POST /api/auth/login HTTP/1.1\" 200 129 \"-\" \"HTTPie\"","service":"acquisitions-api","timestamp":"2025-09-22T15:36:24.385Z"}
{"level":"info","message":"::1 - - [22/Sep/2025:15:38:14 +0000] \"POST /api/auth/logout HTTP/1.1\" 200 42 \"-\" \"HTTPie\"","service":"acquisitions-api","timestamp":"2025-09-22T15:38:14.188Z"}
{"level":"info","message":"::1 - - [22/Sep/2025:15:38:17 +0000] \"POST /api/auth/logout HTTP/1.1\" 200 42 \"-\" \"HTTPie\"","service":"acquisitions-api","timestamp":"2025-09-22T15:38:17.614Z"}
{"level":"info","message":"::1 - - [22/Sep/2025:16:09:36 +0000] \"POST /health HTTP/1.1\" 404 146 \"-\" \"HTTPie\"","service":"acquisitions-api","timestamp":"2025-09-22T16:09:36.279Z"}
{"level":"info","message":"::1 - - [22/Sep/2025:16:09:40 +0000] \"GET /health HTTP/1.1\" 200 73 \"-\" \"HTTPie\"","service":"acquisitions-api","timestamp":"2025-09-22T16:09:40.986Z"}
{"level":"info","message":"::1 - - [22/Sep/2025:16:10:25 +0000] \"GET /health HTTP/1.1\" 200 74 \"-\" \"HTTPie\"","service":"acquisitions-api","timestamp":"2025-09-22T16:10:25.269Z"}
{"level":"info","message":"::1 - - [22/Sep/2025:16:10:26 +0000] \"GET /health HTTP/1.1\" 200 74 \"-\" \"HTTPie\"","service":"acquisitions-api","timestamp":"2025-09-22T16:10:26.020Z"}
{"level":"info","message":"::1 - - [22/Sep/2025:16:10:26 +0000] \"GET /health HTTP/1.1\" 200 74 \"-\" \"HTTPie\"","service":"acquisitions-api","timestamp":"2025-09-22T16:10:26.449Z"}
{"level":"info","message":"::1 - - [22/Sep/2025:16:10:26 +0000] \"GET /health HTTP/1.1\" 200 74 \"-\" \"HTTPie\"","service":"acquisitions-api","timestamp":"2025-09-22T16:10:26.848Z"}
{"level":"info","message":"::1 - - [22/Sep/2025:16:10:27 +0000] \"GET /health HTTP/1.1\" 200 74 \"-\" \"HTTPie\"","service":"acquisitions-api","timestamp":"2025-09-22T16:10:27.123Z"}
{"level":"info","message":"::1 - - [22/Sep/2025:16:10:27 +0000] \"GET /health HTTP/1.1\" 200 74 \"-\" \"HTTPie\"","service":"acquisitions-api","timestamp":"2025-09-22T16:10:27.475Z"}
{"level":"info","message":"::1 - - [22/Sep/2025:16:10:27 +0000] \"GET /health HTTP/1.1\" 200 74 \"-\" \"HTTPie\"","service":"acquisitions-api","timestamp":"2025-09-22T16:10:27.754Z"}
{"level":"info","message":"::1 - - [22/Sep/2025:16:10:28 +0000] \"GET /health HTTP/1.1\" 200 74 \"-\" \"HTTPie\"","service":"acquisitions-api","timestamp":"2025-09-22T16:10:28.037Z"}
{"level":"info","message":"::1 - - [22/Sep/2025:16:10:28 +0000] \"GET /health HTTP/1.1\" 200 74 \"-\" \"HTTPie\"","service":"acquisitions-api","timestamp":"2025-09-22T16:10:28.391Z"}
{"level":"info","message":"::1 - - [22/Sep/2025:16:10:29 +0000] \"GET /health HTTP/1.1\" 200 74 \"-\" \"HTTPie\"","service":"acquisitions-api","timestamp":"2025-09-22T16:10:29.153Z"}
{"level":"info","message":"::1 - - [22/Sep/2025:16:10:29 +0000] \"GET /health HTTP/1.1\" 200 74 \"-\" \"HTTPie\"","service":"acquisitions-api","timestamp":"2025-09-22T16:10:29.482Z"}
{"level":"info","message":"::1 - - [22/Sep/2025:16:10:29 +0000] \"GET /health HTTP/1.1\" 200 73 \"-\" \"HTTPie\"","service":"acquisitions-api","timestamp":"2025-09-22T16:10:29.768Z"}
{"level":"info","message":"::1 - - [22/Sep/2025:16:10:30 +0000] \"GET /health HTTP/1.1\" 200 73 \"-\" \"HTTPie\"","service":"acquisitions-api","timestamp":"2025-09-22T16:10:30.024Z"}
{"level":"info","message":"::1 - - [22/Sep/2025:16:10:30 +0000] \"GET /health HTTP/1.1\" 200 74 \"-\" \"HTTPie\"","service":"acquisitions-api","timestamp":"2025-09-22T16:10:30.320Z"}
{"level":"info","message":"::1 - - [22/Sep/2025:16:10:30 +0000] \"GET /health HTTP/1.1\" 200 74 \"-\" \"HTTPie\"","service":"acquisitions-api","timestamp":"2025-09-22T16:10:30.646Z"}
{"level":"info","message":"::1 - - [22/Sep/2025:16:10:45 +0000] \"GET /health HTTP/1.1\" 200 73 \"-\" \"HTTPie\"","service":"acquisitions-api","timestamp":"2025-09-22T16:10:45.144Z"}
{"level":"info","message":"::1 - - [22/Sep/2025:16:10:46 +0000] \"GET /health HTTP/1.1\" 200 73 \"-\" \"HTTPie\"","service":"acquisitions-api","timestamp":"2025-09-22T16:10:46.055Z"}
{"level":"info","message":"::1 - - [22/Sep/2025:16:10:46 +0000] \"GET /health HTTP/1.1\" 200 74 \"-\" \"HTTPie\"","service":"acquisitions-api","timestamp":"2025-09-22T16:10:46.396Z"}
{"level":"info","message":"::1 - - [22/Sep/2025:16:10:46 +0000] \"GET /health HTTP/1.1\" 200 74 \"-\" \"HTTPie\"","service":"acquisitions-api","timestamp":"2025-09-22T16:10:46.708Z"}
{"level":"info","message":"::1 - - [22/Sep/2025:16:10:47 +0000] \"GET /health HTTP/1.1\" 200 74 \"-\" \"HTTPie\"","service":"acquisitions-api","timestamp":"2025-09-22T16:10:47.503Z"}
{"level":"info","message":"::1 - - [22/Sep/2025:16:10:48 +0000] \"GET /health HTTP/1.1\" 200 73 \"-\" \"HTTPie\"","service":"acquisitions-api","timestamp":"2025-09-22T16:10:48.082Z"}
{"level":"info","message":"::1 - - [22/Sep/2025:16:10:48 +0000] \"GET /health HTTP/1.1\" 200 73 \"-\" \"HTTPie\"","service":"acquisitions-api","timestamp":"2025-09-22T16:10:48.757Z"}
{"level":"info","message":"::1 - - [22/Sep/2025:16:10:49 +0000] \"GET /health HTTP/1.1\" 200 71 \"-\" \"HTTPie\"","service":"acquisitions-api","timestamp":"2025-09-22T16:10:49.328Z"}
{"level":"info","message":"::1 - - [22/Sep/2025:16:10:49 +0000] \"GET /health HTTP/1.1\" 200 74 \"-\" \"HTTPie\"","service":"acquisitions-api","timestamp":"2025-09-22T16:10:49.856Z"}
{"level":"info","message":"::1 - - [22/Sep/2025:16:10:50 +0000] \"GET /health HTTP/1.1\" 200 74 \"-\" \"HTTPie\"","service":"acquisitions-api","timestamp":"2025-09-22T16:10:50.255Z"}
{"level":"info","message":"::1 - - [22/Sep/2025:16:10:50 +0000] \"GET /health HTTP/1.1\" 200 74 \"-\" \"HTTPie\"","service":"acquisitions-api","timestamp":"2025-09-22T16:10:50.533Z"}
{"level":"info","message":"::1 - - [22/Sep/2025:16:10:50 +0000] \"GET /health HTTP/1.1\" 200 74 \"-\" \"HTTPie\"","service":"acquisitions-api","timestamp":"2025-09-22T16:10:50.940Z"}
{"level":"info","message":"::1 - - [22/Sep/2025:16:10:51 +0000] \"GET /health HTTP/1.1\" 200 74 \"-\" \"HTTPie\"","service":"acquisitions-api","timestamp":"2025-09-22T16:10:51.128Z"}
{"level":"info","message":"::1 - - [22/Sep/2025:16:10:51 +0000] \"GET /health HTTP/1.1\" 200 74 \"-\" \"HTTPie\"","service":"acquisitions-api","timestamp":"2025-09-22T16:10:51.753Z"}
{"level":"info","message":"::1 - - [22/Sep/2025:16:10:52 +0000] \"GET /health HTTP/1.1\" 200 74 \"-\" \"HTTPie\"","service":"acquisitions-api","timestamp":"2025-09-22T16:10:52.635Z"}
{"level":"info","message":"::1 - - [22/Sep/2025:16:13:08 +0000] \"GET /health HTTP/1.1\" 200 73 \"-\" \"HTTPie\"","service":"acquisitions-api","timestamp":"2025-09-22T16:13:08.188Z"}
{"level":"info","message":"::1 - - [22/Sep/2025:16:13:08 +0000] \"GET /health HTTP/1.1\" 200 73 \"-\" \"HTTPie\"","service":"acquisitions-api","timestamp":"2025-09-22T16:13:08.819Z"}
{"level":"info","message":"::1 - - [22/Sep/2025:16:13:09 +0000] \"GET /health HTTP/1.1\" 200 73 \"-\" \"HTTPie\"","service":"acquisitions-api","timestamp":"2025-09-22T16:13:09.414Z"}
{"level":"info","message":"::1 - - [22/Sep/2025:16:13:09 +0000] \"GET /health HTTP/1.1\" 200 73 \"-\" \"HTTPie\"","service":"acquisitions-api","timestamp":"2025-09-22T16:13:09.992Z"}
{"level":"info","message":"::1 - - [22/Sep/2025:16:13:10 +0000] \"GET /health HTTP/1.1\" 200 73 \"-\" \"HTTPie\"","service":"acquisitions-api","timestamp":"2025-09-22T16:13:10.598Z"}
{"level":"info","message":"::1 - - [22/Sep/2025:16:13:11 +0000] \"GET /health HTTP/1.1\" 200 73 \"-\" \"HTTPie\"","service":"acquisitions-api","timestamp":"2025-09-22T16:13:11.180Z"}
{"level":"info","message":"::1 - - [22/Sep/2025:16:13:11 +0000] \"GET /health HTTP/1.1\" 200 73 \"-\" \"HTTPie\"","service":"acquisitions-api","timestamp":"2025-09-22T16:13:11.819Z"}
{"level":"info","message":"::1 - - [22/Sep/2025:16:13:12 +0000] \"GET /health HTTP/1.1\" 200 73 \"-\" \"HTTPie\"","service":"acquisitions-api","timestamp":"2025-09-22T16:13:12.234Z"}
{"level":"info","message":"::1 - - [22/Sep/2025:16:13:12 +0000] \"GET /health HTTP/1.1\" 200 73 \"-\" \"HTTPie\"","service":"acquisitions-api","timestamp":"2025-09-22T16:13:12.675Z"}
{"level":"info","message":"::1 - - [22/Sep/2025:16:13:12 +0000] \"GET /health HTTP/1.1\" 200 71 \"-\" \"HTTPie\"","service":"acquisitions-api","timestamp":"2025-09-22T16:13:12.988Z"}
{"level":"info","message":"::1 - - [22/Sep/2025:16:13:13 +0000] \"GET /health HTTP/1.1\" 200 72 \"-\" \"HTTPie\"","service":"acquisitions-api","timestamp":"2025-09-22T16:13:13.292Z"}
{"level":"info","message":"::1 - - [22/Sep/2025:16:13:13 +0000] \"GET /health HTTP/1.1\" 200 73 \"-\" \"HTTPie\"","service":"acquisitions-api","timestamp":"2025-09-22T16:13:13.563Z"}
{"level":"info","message":"::1 - - [22/Sep/2025:16:13:13 +0000] \"GET /health HTTP/1.1\" 200 73 \"-\" \"HTTPie\"","service":"acquisitions-api","timestamp":"2025-09-22T16:13:13.827Z"}
{"level":"info","message":"::1 - - [22/Sep/2025:16:13:14 +0000] \"GET /health HTTP/1.1\" 200 73 \"-\" \"HTTPie\"","service":"acquisitions-api","timestamp":"2025-09-22T16:13:14.015Z"}
{"level":"info","message":"::1 - - [22/Sep/2025:16:13:14 +0000] \"GET /health HTTP/1.1\" 200 73 \"-\" \"HTTPie\"","service":"acquisitions-api","timestamp":"2025-09-22T16:13:14.330Z"}
{"level":"info","message":"::1 - - [22/Sep/2025:16:15:32 +0000] \"GET /health HTTP/1.1\" 200 73 \"-\" \"HTTPie\"","service":"acquisitions-api","timestamp":"2025-09-22T16:15:32.937Z"}
{"level":"info","message":"::1 - - [22/Sep/2025:16:15:33 +0000] \"GET /health HTTP/1.1\" 200 73 \"-\" \"HTTPie\"","service":"acquisitions-api","timestamp":"2025-09-22T16:15:33.264Z"}
{"level":"info","message":"::1 - - [22/Sep/2025:16:15:34 +0000] \"GET /health HTTP/1.1\" 200 74 \"-\" \"HTTPie\"","service":"acquisitions-api","timestamp":"2025-09-22T16:15:34.095Z"}
{"level":"info","message":"::1 - - [22/Sep/2025:16:15:34 +0000] \"GET /health HTTP/1.1\" 200 74 \"-\" \"HTTPie\"","service":"acquisitions-api","timestamp":"2025-09-22T16:15:34.651Z"}
{"level":"info","message":"::1 - - [22/Sep/2025:16:15:35 +0000] \"GET /health HTTP/1.1\" 200 74 \"-\" \"HTTPie\"","service":"acquisitions-api","timestamp":"2025-09-22T16:15:35.331Z"}
{"level":"info","message":"::1 - - [22/Sep/2025:16:15:35 +0000] \"GET /health HTTP/1.1\" 200 74 \"-\" \"HTTPie\"","service":"acquisitions-api","timestamp":"2025-09-22T16:15:35.764Z"}
{"level":"info","message":"::1 - - [22/Sep/2025:16:15:36 +0000] \"GET /health HTTP/1.1\" 200 74 \"-\" \"HTTPie\"","service":"acquisitions-api","timestamp":"2025-09-22T16:15:36.067Z"}
{"level":"info","message":"::1 - - [22/Sep/2025:16:15:36 +0000] \"GET /health HTTP/1.1\" 200 74 \"-\" \"HTTPie\"","service":"acquisitions-api","timestamp":"2025-09-22T16:15:36.421Z"}
{"level":"info","message":"::1 - - [22/Sep/2025:16:15:36 +0000] \"GET /health HTTP/1.1\" 200 74 \"-\" \"HTTPie\"","service":"acquisitions-api","timestamp":"2025-09-22T16:15:36.702Z"}
{"level":"info","message":"::1 - - [22/Sep/2025:16:15:36 +0000] \"GET /health HTTP/1.1\" 200 74 \"-\" \"HTTPie\"","service":"acquisitions-api","timestamp":"2025-09-22T16:15:36.981Z"}
{"level":"info","message":"::1 - - [22/Sep/2025:16:15:37 +0000] \"GET /health HTTP/1.1\" 200 74 \"-\" \"HTTPie\"","service":"acquisitions-api","timestamp":"2025-09-22T16:15:37.260Z"}
{"level":"info","message":"::1 - - [22/Sep/2025:16:15:37 +0000] \"GET /health HTTP/1.1\" 200 74 \"-\" \"HTTPie\"","service":"acquisitions-api","timestamp":"2025-09-22T16:15:37.490Z"}
{"level":"info","message":"::1 - - [22/Sep/2025:16:15:37 +0000] \"GET /health HTTP/1.1\" 200 74 \"-\" \"HTTPie\"","service":"acquisitions-api","timestamp":"2025-09-22T16:15:37.821Z"}
{"level":"info","message":"::1 - - [22/Sep/2025:16:15:38 +0000] \"GET /health HTTP/1.1\" 200 74 \"-\" \"HTTPie\"","service":"acquisitions-api","timestamp":"2025-09-22T16:15:38.090Z"}
{"level":"info","message":"::1 - - [22/Sep/2025:16:16:09 +0000] \"GET /health HTTP/1.1\" 200 74 \"-\" \"HTTPie\"","service":"acquisitions-api","timestamp":"2025-09-22T16:16:09.699Z"}
{"level":"info","message":"::1 - - [22/Sep/2025:16:16:10 +0000] \"GET /health HTTP/1.1\" 200 73 \"-\" \"HTTPie\"","service":"acquisitions-api","timestamp":"2025-09-22T16:16:10.585Z"}
{"level":"info","message":"::1 - - [22/Sep/2025:16:16:11 +0000] \"GET /health HTTP/1.1\" 200 74 \"-\" \"HTTPie\"","service":"acquisitions-api","timestamp":"2025-09-22T16:16:11.220Z"}
{"level":"info","message":"::1 - - [22/Sep/2025:16:16:11 +0000] \"GET /health HTTP/1.1\" 200 74 \"-\" \"HTTPie\"","service":"acquisitions-api","timestamp":"2025-09-22T16:16:11.715Z"}
{"level":"info","message":"::1 - - [22/Sep/2025:16:16:12 +0000] \"GET /health HTTP/1.1\" 200 74 \"-\" \"HTTPie\"","service":"acquisitions-api","timestamp":"2025-09-22T16:16:12.026Z"}
{"level":"info","message":"::1 - - [22/Sep/2025:16:16:12 +0000] \"GET /health HTTP/1.1\" 200 73 \"-\" \"HTTPie\"","service":"acquisitions-api","timestamp":"2025-09-22T16:16:12.294Z"}
{"level":"info","message":"::1 - - [22/Sep/2025:16:16:12 +0000] \"GET /health HTTP/1.1\" 200 74 \"-\" \"HTTPie\"","service":"acquisitions-api","timestamp":"2025-09-22T16:16:12.686Z"}
{"level":"info","message":"::1 - - [22/Sep/2025:16:16:12 +0000] \"GET /health HTTP/1.1\" 200 74 \"-\" \"HTTPie\"","service":"acquisitions-api","timestamp":"2025-09-22T16:16:12.969Z"}
{"level":"info","message":"::1 - - [22/Sep/2025:16:16:13 +0000] \"GET /health HTTP/1.1\" 200 74 \"-\" \"HTTPie\"","service":"acquisitions-api","timestamp":"2025-09-22T16:16:13.377Z"}
{"level":"info","message":"::1 - - [22/Sep/2025:16:16:13 +0000] \"GET /health HTTP/1.1\" 200 74 \"-\" \"HTTPie\"","service":"acquisitions-api","timestamp":"2025-09-22T16:16:13.738Z"}
{"level":"info","message":"::1 - - [22/Sep/2025:16:16:14 +0000] \"GET /health HTTP/1.1\" 200 74 \"-\" \"HTTPie\"","service":"acquisitions-api","timestamp":"2025-09-22T16:16:14.042Z"}
{"level":"info","message":"::1 - - [22/Sep/2025:16:16:14 +0000] \"GET /health HTTP/1.1\" 200 74 \"-\" \"HTTPie\"","service":"acquisitions-api","timestamp":"2025-09-22T16:16:14.337Z"}
{"level":"info","message":"::1 - - [22/Sep/2025:16:16:14 +0000] \"GET /health HTTP/1.1\" 200 74 \"-\" \"HTTPie\"","service":"acquisitions-api","timestamp":"2025-09-22T16:16:14.544Z"}
{"level":"info","message":"::1 - - [22/Sep/2025:16:16:14 +0000] \"GET /health HTTP/1.1\" 200 74 \"-\" \"HTTPie\"","service":"acquisitions-api","timestamp":"2025-09-22T16:16:14.738Z"}
{"level":"info","message":"::1 - - [22/Sep/2025:16:16:49 +0000] \"GET /health HTTP/1.1\" 200 73 \"-\" \"HTTPie\"","service":"acquisitions-api","timestamp":"2025-09-22T16:16:49.835Z"}
{"level":"info","message":"::1 - - [22/Sep/2025:16:16:50 +0000] \"GET /health HTTP/1.1\" 200 73 \"-\" \"HTTPie\"","service":"acquisitions-api","timestamp":"2025-09-22T16:16:50.371Z"}
{"level":"info","message":"::1 - - [22/Sep/2025:16:16:50 +0000] \"GET /health HTTP/1.1\" 200 73 \"-\" \"HTTPie\"","service":"acquisitions-api","timestamp":"2025-09-22T16:16:50.918Z"}
{"level":"info","message":"::1 - - [22/Sep/2025:16:16:51 +0000] \"GET /health HTTP/1.1\" 200 73 \"-\" \"HTTPie\"","service":"acquisitions-api","timestamp":"2025-09-22T16:16:51.348Z"}
{"level":"info","message":"::1 - - [22/Sep/2025:16:16:51 +0000] \"GET /health HTTP/1.1\" 200 73 \"-\" \"HTTPie\"","service":"acquisitions-api","timestamp":"2025-09-22T16:16:51.751Z"}
{"level":"info","message":"::1 - - [22/Sep/2025:16:16:52 +0000] \"GET /health HTTP/1.1\" 200 73 \"-\" \"HTTPie\"","service":"acquisitions-api","timestamp":"2025-09-22T16:16:52.063Z"}
{"level":"info","message":"::1 - - [22/Sep/2025:16:16:52 +0000] \"GET /health HTTP/1.1\" 200 73 \"-\" \"HTTPie\"","service":"acquisitions-api","timestamp":"2025-09-22T16:16:52.420Z"}
{"level":"info","message":"::1 - - [22/Sep/2025:16:16:52 +0000] \"GET /health HTTP/1.1\" 200 72 \"-\" \"HTTPie\"","service":"acquisitions-api","timestamp":"2025-09-22T16:16:52.732Z"}
{"level":"info","message":"::1 - - [22/Sep/2025:16:16:53 +0000] \"GET /health HTTP/1.1\" 200 74 \"-\" \"HTTPie\"","service":"acquisitions-api","timestamp":"2025-09-22T16:16:53.045Z"}
{"level":"info","message":"::1 - - [22/Sep/2025:16:16:53 +0000] \"GET /health HTTP/1.1\" 200 74 \"-\" \"HTTPie\"","service":"acquisitions-api","timestamp":"2025-09-22T16:16:53.773Z"}
{"level":"info","message":"::1 - - [22/Sep/2025:16:16:53 +0000] \"GET /health HTTP/1.1\" 200 74 \"-\" \"HTTPie\"","service":"acquisitions-api","timestamp":"2025-09-22T16:16:53.992Z"}
{"level":"info","message":"::1 - - [22/Sep/2025:16:16:54 +0000] \"GET /health HTTP/1.1\" 200 74 \"-\" \"HTTPie\"","service":"acquisitions-api","timestamp":"2025-09-22T16:16:54.337Z"}
{"level":"info","message":"::1 - - [22/Sep/2025:16:16:54 +0000] \"GET /health HTTP/1.1\" 200 74 \"-\" \"HTTPie\"","service":"acquisitions-api","timestamp":"2025-09-22T16:16:54.607Z"}
{"level":"info","message":"::1 - - [22/Sep/2025:16:16:54 +0000] \"GET /health HTTP/1.1\" 200 74 \"-\" \"HTTPie\"","service":"acquisitions-api","timestamp":"2025-09-22T16:16:54.794Z"}
{"level":"info","message":"::1 - - [22/Sep/2025:16:16:55 +0000] \"GET /health HTTP/1.1\" 200 74 \"-\" \"HTTPie\"","service":"acquisitions-api","timestamp":"2025-09-22T16:16:55.043Z"}
{"level":"info","message":"::1 - - [22/Sep/2025:16:17:09 +0000] \"GET /health HTTP/1.1\" 200 73 \"-\" \"HTTPie\"","service":"acquisitions-api","timestamp":"2025-09-22T16:17:09.900Z"}
{"level":"info","message":"::1 - - [22/Sep/2025:16:17:10 +0000] \"GET /health HTTP/1.1\" 200 73 \"-\" \"HTTPie\"","service":"acquisitions-api","timestamp":"2025-09-22T16:17:10.922Z"}
{"level":"info","message":"::1 - - [22/Sep/2025:16:17:11 +0000] \"GET /health HTTP/1.1\" 200 73 \"-\" \"HTTPie\"","service":"acquisitions-api","timestamp":"2025-09-22T16:17:11.744Z"}
{"level":"info","message":"::1 - - [22/Sep/2025:16:17:12 +0000] \"GET /health HTTP/1.1\" 200 73 \"-\" \"HTTPie\"","service":"acquisitions-api","timestamp":"2025-09-22T16:17:12.272Z"}
{"level":"info","message":"::1 - - [22/Sep/2025:16:17:12 +0000] \"GET /health HTTP/1.1\" 200 74 \"-\" \"HTTPie\"","service":"acquisitions-api","timestamp":"2025-09-22T16:17:12.848Z"}
{"level":"info","message":"::1 - - [22/Sep/2025:16:17:13 +0000] \"GET /health HTTP/1.1\" 200 74 \"-\" \"HTTPie\"","service":"acquisitions-api","timestamp":"2025-09-22T16:17:13.434Z"}
{"level":"info","message":"::1 - - [22/Sep/2025:16:17:13 +0000] \"GET /health HTTP/1.1\" 200 74 \"-\" \"HTTPie\"","service":"acquisitions-api","timestamp":"2025-09-22T16:17:13.895Z"}
{"level":"info","message":"::1 - - [22/Sep/2025:16:17:14 +0000] \"GET /health HTTP/1.1\" 200 74 \"-\" \"HTTPie\"","service":"acquisitions-api","timestamp":"2025-09-22T16:17:14.278Z"}
{"level":"info","message":"::1 - - [22/Sep/2025:16:17:14 +0000] \"GET /health HTTP/1.1\" 200 74 \"-\" \"HTTPie\"","service":"acquisitions-api","timestamp":"2025-09-22T16:17:14.624Z"}
{"level":"info","message":"::1 - - [22/Sep/2025:16:17:14 +0000] \"GET /health HTTP/1.1\" 200 74 \"-\" \"HTTPie\"","service":"acquisitions-api","timestamp":"2025-09-22T16:17:14.894Z"}
{"level":"info","message":"::1 - - [22/Sep/2025:16:17:15 +0000] \"GET /health HTTP/1.1\" 200 74 \"-\" \"HTTPie\"","service":"acquisitions-api","timestamp":"2025-09-22T16:17:15.181Z"}
{"level":"info","message":"::1 - - [22/Sep/2025:16:17:15 +0000] \"GET /health HTTP/1.1\" 200 74 \"-\" \"HTTPie\"","service":"acquisitions-api","timestamp":"2025-09-22T16:17:15.352Z"}
{"level":"info","message":"::1 - - [22/Sep/2025:16:17:15 +0000] \"GET /health HTTP/1.1\" 200 74 \"-\" \"HTTPie\"","service":"acquisitions-api","timestamp":"2025-09-22T16:17:15.600Z"}
{"level":"info","message":"::1 - - [22/Sep/2025:16:17:15 +0000] \"GET /health HTTP/1.1\" 200 74 \"-\" \"HTTPie\"","service":"acquisitions-api","timestamp":"2025-09-22T16:17:15.760Z"}
{"level":"info","message":"::1 - - [22/Sep/2025:16:17:15 +0000] \"GET /health HTTP/1.1\" 200 74 \"-\" \"HTTPie\"","service":"acquisitions-api","timestamp":"2025-09-22T16:17:15.996Z"}
{"level":"info","message":"::1 - - [22/Sep/2025:16:17:16 +0000] \"GET /health HTTP/1.1\" 200 74 \"-\" \"HTTPie\"","service":"acquisitions-api","timestamp":"2025-09-22T16:17:16.231Z"}
{"level":"info","message":"::1 - - [22/Sep/2025:16:17:16 +0000] \"GET /health HTTP/1.1\" 200 74 \"-\" \"HTTPie\"","service":"acquisitions-api","timestamp":"2025-09-22T16:17:16.449Z"}
{"level":"info","message":"::1 - - [22/Sep/2025:16:17:16 +0000] \"GET /health HTTP/1.1\" 200 74 \"-\" \"HTTPie\"","service":"acquisitions-api","timestamp":"2025-09-22T16:17:16.655Z"}
{"level":"info","message":"::1 - - [22/Sep/2025:16:19:42 +0000] \"GET /health HTTP/1.1\" 200 73 \"-\" \"HTTPie\"","service":"acquisitions-api","timestamp":"2025-09-22T16:19:42.778Z"}
{"level":"info","message":"::1 - - [22/Sep/2025:16:19:43 +0000] \"GET /health HTTP/1.1\" 200 71 \"-\" \"HTTPie\"","service":"acquisitions-api","timestamp":"2025-09-22T16:19:43.126Z"}
{"ip":"::1","level":"warn","message":"Rate limit exceeded:","path":"/health","service":"acquisitions-api","timestamp":"2025-09-22T16:19:43.492Z","userAgent":"HTTPie"}
{"ip":"::1","level":"warn","message":"Rate limit exceeded:","path":"/health","service":"acquisitions-api","timestamp":"2025-09-22T16:19:43.751Z","userAgent":"HTTPie"}
{"ip":"::1","level":"warn","message":"Rate limit exceeded:","path":"/health","service":"acquisitions-api","timestamp":"2025-09-22T16:19:44.080Z","userAgent":"HTTPie"}
{"ip":"::1","level":"warn","message":"Rate limit exceeded:","path":"/health","service":"acquisitions-api","timestamp":"2025-09-22T16:19:44.678Z","userAgent":"HTTPie"}
{"ip":"::1","level":"warn","message":"Rate limit exceeded:","path":"/health","service":"acquisitions-api","timestamp":"2025-09-22T16:19:44.878Z","userAgent":"HTTPie"}
